<?xml version="1.0" encoding="UTF-8"?>
<!-- Generated by org.testng.reporters.JUnitReportReporter -->
<testsuite hostname="DESKTOP-T1VS9JI" failures="0" tests="5" name="Tests.day1" time="0.008" errors="0" timestamp="2023-04-27T23:09:39 EEST" skipped="0">
  <testcase classname="Tests.day1" name="showURL" time="0.000"/>
  <system-out/>
  <testcase classname="Tests.day1" name="personalLoan1" time="0.003"/>
  <system-out/>
  <testcase classname="Tests.day1" name="dataProv" time="0.003"/>
  <system-out/>
  <testcase classname="Tests.day1" name="dataProv" time="0.001"/>
  <system-out/>
  <testcase classname="Tests.day1" name="dataProv" time="0.001"/>
  <system-out/>
</testsuite> <!-- Tests.day1 -->
