<?xml version="1.0" encoding="UTF-8"?>
<!-- Generated by org.testng.reporters.JUnitReportReporter -->
<testsuite hostname="DESKTOP-T1VS9JI" failures="0" tests="1" name="Tests.day2" time="0.001" errors="0" timestamp="2023-04-27T23:09:39 EEST" skipped="0">
  <testcase classname="Tests.day2" name="personalLoan3" time="0.001"/>
  <system-out/>
</testsuite> <!-- Tests.day2 -->
