<?xml version="1.0" encoding="UTF-8"?>
<!-- Generated by org.testng.reporters.JUnitReportReporter -->
<testsuite hostname="DESKTOP-T1VS9JI" failures="0" tests="2" name="Tests.day3" time="0.001" errors="0" timestamp="2023-04-27T23:09:39 EEST" skipped="1">
  <testcase classname="Tests.day3" name="WebLoginCARLOAN" time="0.001"/>
  <system-out/>
  <testcase classname="Tests.day3" name="APILoginCARLOAN">
    <skipped/>
  </testcase> <!-- APILoginCARLOAN -->
  <system-out/>
</testsuite> <!-- Tests.day3 -->
