<?xml version="1.0" encoding="UTF-8"?>
<!-- Generated by org.testng.reporters.JUnitReportReporter -->
<testsuite hostname="DESKTOP-T1VS9JI" failures="0" tests="1" name="Tests.TestThree" time="0.001" errors="0" timestamp="2023-04-18T10:23:57 EEST" skipped="0">
  <testcase classname="Tests.TestThree" name="testThree" time="0.001"/>
  <system-out/>
</testsuite> <!-- Tests.TestThree -->
