<?xml version="1.0" encoding="UTF-8"?>
<!-- Generated by org.testng.reporters.JUnitReportReporter -->
<testsuite hostname="DESKTOP-T1VS9JI" failures="0" tests="2" name="Tests.day4" time="0.006" errors="0" timestamp="2023-04-27T23:09:39 EEST" skipped="0">
  <testcase classname="Tests.day4" name="WebLoginHOMELOAN" time="0.005"/>
  <system-out/>
  <testcase classname="Tests.day4" name="APILoginHOMELOAN" time="0.001"/>
  <system-out/>
</testsuite> <!-- Tests.day4 -->
