<?xml version="1.0" encoding="UTF-8"?>
<!-- Generated by org.testng.reporters.JUnitReportReporter -->
<testsuite hostname="DESKTOP-T1VS9JI" failures="0" tests="2" name="Tests._01_TestNG_Compiler" time="0.008" errors="0" timestamp="2023-04-18T10:23:57 EEST" skipped="0">
  <testcase classname="Tests._01_TestNG_Compiler" name="testOne" time="0.007"/>
  <system-out/>
  <testcase classname="Tests._01_TestNG_Compiler" name="testTwo" time="0.001"/>
  <system-out/>
</testsuite> <!-- Tests._01_TestNG_Compiler -->
